<?xml version="1.0" encoding="UTF-8"?>
<!-- Generated by org.testng.reporters.JUnitXMLReporter -->
<testsuite ignored="0" hostname="LAPTOP-0NFICUTO" failures="0" tests="1" name="Test" time="0.089" errors="0" timestamp="2023-06-08T14:49:08 IST">
  <testcase classname="selenium.grid.GridClass3" name="@BeforeMethod setUp" time="-1.686215948351E9">
    <failure type="org.testng.TestNGException" message="
Parameter &amp;apos;Port&amp;apos; is required by BeforeMethod on method setUp but has not been marked @Optional or defined
in C:\Users\Hp\eclipse-workspace\Axis_1_06_2023\testng.xml">
      <![CDATA[org.testng.TestNGException: 
Parameter 'Port' is required by BeforeMethod on method setUp but has not been marked @Optional or defined
in C:\Users\Hp\eclipse-workspace\Axis_1_06_2023\testng.xml
at java.base/java.util.ArrayList.forEach(ArrayList.java:1511)
... Removed 28 stack frames]]>
    </failure>
  </testcase> <!-- @BeforeMethod setUp -->
  <testcase classname="selenium.grid.GridClass3" name="@AfterMethod tearDown" time="-1.68621594838E9">
    <skipped/>
  </testcase> <!-- @AfterMethod tearDown -->
  <testcase classname="selenium.grid.GridClass3" name="appleSite" time="0.0">
    <skipped/>
  </testcase> <!-- appleSite -->
</testsuite> <!-- Test -->
