<?xml version="1.0" encoding="UTF-8"?>
<testng-results ignored="0" total="2" passed="2" failed="0" skipped="0">
  <reporter-output>
  </reporter-output>
  <suite started-at="2023-06-08T16:34:58 IST" name="Suite" finished-at="2023-06-08T16:35:09 IST" duration-ms="11004">
    <groups>
    </groups>
    <test started-at="2023-06-08T16:34:58 IST" name="Chrome Test" finished-at="2023-06-08T16:35:09 IST" duration-ms="11004">
      <class name="testcases1.TestCase2">
        <test-method is-config="true" signature="Setup(java.lang.String)[pri:0, instance:testcases1.TestCase2@78b66d36]" started-at="2023-06-08T16:34:58 IST" name="Setup" finished-at="2023-06-08T16:35:06 IST" duration-ms="8260" status="PASS">
          <params>
            <param index="0">
              <value>
                <![CDATA[5555]]>
              </value>
            </param>
          </params>
          <reporter-output>
          </reporter-output>
        </test-method> <!-- Setup -->
        <test-method signature="Test2()[pri:0, instance:testcases1.TestCase2@78b66d36]" started-at="2023-06-08T16:35:06 IST" name="Test2" finished-at="2023-06-08T16:35:09 IST" duration-ms="2685" status="PASS">
          <reporter-output>
          </reporter-output>
        </test-method> <!-- Test2 -->
      </class> <!-- testcases1.TestCase2 -->
    </test> <!-- Chrome Test -->
    <test started-at="2023-06-08T16:34:58 IST" name="Firefox Test" finished-at="2023-06-08T16:35:09 IST" duration-ms="10808">
      <class name="testcases1.TestCase2">
        <test-method is-config="true" signature="Setup(java.lang.String)[pri:0, instance:testcases1.TestCase2@3835c46]" started-at="2023-06-08T16:34:58 IST" name="Setup" finished-at="2023-06-08T16:35:05 IST" duration-ms="7552" status="PASS">
          <params>
            <param index="0">
              <value>
                <![CDATA[6666]]>
              </value>
            </param>
          </params>
          <reporter-output>
          </reporter-output>
        </test-method> <!-- Setup -->
        <test-method signature="Test2()[pri:0, instance:testcases1.TestCase2@3835c46]" started-at="2023-06-08T16:35:05 IST" name="Test2" finished-at="2023-06-08T16:35:09 IST" duration-ms="3156" status="PASS">
          <reporter-output>
          </reporter-output>
        </test-method> <!-- Test2 -->
      </class> <!-- testcases1.TestCase2 -->
    </test> <!-- Firefox Test -->
  </suite> <!-- Suite -->
</testng-results>
